TN:
SF:/Users/alex030293/GitRepo/mean-boilerplate/model/DAO/fruitDAO.js
FN:16,createFruit
FN:23,(anonymous_2)
FN:35,readFruits
FN:36,(anonymous_4)
FN:48,readFruitById
FN:49,(anonymous_6)
FN:61,updateFruit
FN:62,(anonymous_8)
FN:68,(anonymous_9)
FN:85,deleteFruit
FN:86,(anonymous_11)
FN:88,(anonymous_12)
FNF:12
FNH:12
FNDA:6,createFruit
FNDA:6,(anonymous_2)
FNDA:1,readFruits
FNDA:1,(anonymous_4)
FNDA:4,readFruitById
FNDA:4,(anonymous_6)
FNDA:6,updateFruit
FNDA:6,(anonymous_8)
FNDA:4,(anonymous_9)
FNDA:6,deleteFruit
FNDA:6,(anonymous_11)
FNDA:4,(anonymous_12)
DA:1,1
DA:4,1
DA:6,1
DA:7,1
DA:13,1
DA:16,1
DA:17,6
DA:23,6
DA:24,6
DA:25,4
DA:26,4
DA:28,2
DA:29,2
DA:35,1
DA:36,1
DA:37,1
DA:38,1
DA:39,1
DA:41,0
DA:42,0
DA:48,1
DA:49,4
DA:50,4
DA:51,2
DA:52,2
DA:54,2
DA:55,2
DA:61,1
DA:62,6
DA:63,6
DA:64,4
DA:65,4
DA:66,4
DA:68,4
DA:69,4
DA:70,3
DA:71,3
DA:73,1
DA:74,1
DA:78,2
DA:79,2
DA:85,1
DA:86,6
DA:87,6
DA:88,4
DA:89,4
DA:90,4
DA:91,4
DA:93,0
DA:94,0
DA:98,2
DA:99,2
DA:104,1
DA:105,1
DA:106,1
DA:107,1
DA:108,1
LF:57
LH:53
BRDA:24,1,0,4
BRDA:24,1,1,2
BRDA:25,2,0,0
BRDA:25,2,1,4
BRDA:28,3,0,0
BRDA:28,3,1,2
BRDA:37,4,0,1
BRDA:37,4,1,0
BRDA:38,5,0,0
BRDA:38,5,1,1
BRDA:41,6,0,0
BRDA:41,6,1,0
BRDA:50,7,0,2
BRDA:50,7,1,2
BRDA:51,8,0,0
BRDA:51,8,1,2
BRDA:54,9,0,0
BRDA:54,9,1,2
BRDA:63,10,0,4
BRDA:63,10,1,2
BRDA:64,11,0,3
BRDA:64,11,1,1
BRDA:65,12,0,3
BRDA:65,12,1,1
BRDA:66,13,0,4
BRDA:66,13,1,0
BRDA:69,14,0,3
BRDA:69,14,1,1
BRDA:70,15,0,0
BRDA:70,15,1,3
BRDA:73,16,0,0
BRDA:73,16,1,1
BRDA:78,17,0,0
BRDA:78,17,1,2
BRDA:87,18,0,4
BRDA:87,18,1,2
BRDA:89,19,0,4
BRDA:89,19,1,0
BRDA:90,20,0,0
BRDA:90,20,1,4
BRDA:93,21,0,0
BRDA:93,21,1,0
BRDA:98,22,0,0
BRDA:98,22,1,2
BRF:44
BRH:27
end_of_record
TN:
SF:/Users/alex030293/GitRepo/mean-boilerplate/config/mongodb.js
FN:10,_init
FNF:1
FNH:1
FNDA:4,_init
DA:1,1
DA:10,1
DA:11,4
DA:12,4
DA:15,0
DA:19,1
LF:6
LH:5
BRF:0
BRH:0
end_of_record
TN:
SF:/Users/alex030293/GitRepo/mean-boilerplate/app.js
FN:18,(anonymous_1)
FN:22,(anonymous_2)
FN:46,(anonymous_3)
FN:54,(anonymous_4)
FN:64,(anonymous_5)
FN:75,(anonymous_6)
FNF:6
FNH:2
FNDA:1,(anonymous_1)
FNDA:1,(anonymous_2)
FNDA:0,(anonymous_3)
FNDA:0,(anonymous_4)
FNDA:0,(anonymous_5)
FNDA:0,(anonymous_6)
DA:1,1
DA:10,1
DA:11,1
DA:12,1
DA:14,1
DA:18,1
DA:19,1
DA:20,0
DA:22,1
DA:23,1
DA:24,0
DA:26,1
DA:27,1
DA:30,1
DA:31,1
DA:35,1
DA:36,1
DA:37,1
DA:38,1
DA:39,1
DA:41,1
DA:42,1
DA:43,1
DA:46,1
DA:47,0
DA:48,0
DA:49,0
DA:54,1
DA:55,0
DA:56,0
DA:57,0
DA:59,0
DA:63,0
DA:64,0
DA:65,0
DA:66,0
DA:75,0
DA:76,0
DA:77,0
DA:86,1
LF:40
LH:24
BRDA:19,1,0,0
BRDA:19,1,1,1
BRDA:23,2,0,0
BRDA:23,2,1,1
BRDA:55,3,0,0
BRDA:55,3,1,0
BRDA:63,4,0,0
BRDA:63,4,1,0
BRDA:65,5,0,0
BRDA:65,5,1,0
BRDA:76,6,0,0
BRDA:76,6,1,0
BRF:12
BRH:2
end_of_record
TN:
SF:/Users/alex030293/GitRepo/mean-boilerplate/routes/index.js
FN:6,(anonymous_1)
FN:9,(anonymous_2)
FN:15,(anonymous_3)
FNF:3
FNH:0
FNDA:0,(anonymous_1)
FNDA:0,(anonymous_2)
FNDA:0,(anonymous_3)
DA:1,1
DA:6,1
DA:7,0
DA:9,0
DA:10,0
DA:11,0
DA:15,0
DA:16,0
DA:20,1
LF:9
LH:3
BRF:0
BRH:0
end_of_record
TN:
SF:/Users/alex030293/GitRepo/mean-boilerplate/routes/api/0.1/userAPI.js
FN:9,(anonymous_1)
FN:12,(anonymous_2)
FN:17,(anonymous_3)
FN:23,(anonymous_4)
FN:26,(anonymous_5)
FN:34,(anonymous_6)
FN:37,(anonymous_7)
FN:42,(anonymous_8)
FN:44,(anonymous_9)
FN:47,(anonymous_10)
FN:55,(anonymous_11)
FN:58,(anonymous_12)
FN:64,(anonymous_13)
FN:66,(anonymous_14)
FN:69,(anonymous_15)
FN:77,(anonymous_16)
FN:80,(anonymous_17)
FN:85,(anonymous_18)
FN:90,(anonymous_19)
FN:93,(anonymous_20)
FN:101,(anonymous_21)
FN:104,(anonymous_22)
FN:109,(anonymous_23)
FN:111,(anonymous_24)
FN:115,(anonymous_25)
FN:124,(anonymous_26)
FN:127,(anonymous_27)
FN:132,(anonymous_28)
FN:137,(anonymous_29)
FN:140,(anonymous_30)
FNF:30
FNH:22
FNDA:2,(anonymous_1)
FNDA:0,(anonymous_2)
FNDA:2,(anonymous_3)
FNDA:1,(anonymous_4)
FNDA:1,(anonymous_5)
FNDA:1,(anonymous_6)
FNDA:0,(anonymous_7)
FNDA:1,(anonymous_8)
FNDA:1,(anonymous_9)
FNDA:0,(anonymous_10)
FNDA:2,(anonymous_11)
FNDA:0,(anonymous_12)
FNDA:2,(anonymous_13)
FNDA:1,(anonymous_14)
FNDA:1,(anonymous_15)
FNDA:3,(anonymous_16)
FNDA:0,(anonymous_17)
FNDA:3,(anonymous_18)
FNDA:1,(anonymous_19)
FNDA:2,(anonymous_20)
FNDA:2,(anonymous_21)
FNDA:1,(anonymous_22)
FNDA:2,(anonymous_23)
FNDA:1,(anonymous_24)
FNDA:0,(anonymous_25)
FNDA:1,(anonymous_26)
FNDA:0,(anonymous_27)
FNDA:1,(anonymous_28)
FNDA:1,(anonymous_29)
FNDA:0,(anonymous_30)
DA:1,1
DA:6,1
DA:9,1
DA:10,2
DA:12,2
DA:13,0
DA:14,0
DA:17,2
DA:18,2
DA:24,1
DA:27,1
DA:34,1
DA:35,1
DA:37,1
DA:38,0
DA:39,0
DA:42,1
DA:43,1
DA:45,1
DA:48,0
DA:55,1
DA:56,2
DA:58,2
DA:59,0
DA:60,0
DA:64,2
DA:65,2
DA:67,1
DA:70,1
DA:77,1
DA:78,3
DA:80,3
DA:81,0
DA:82,0
DA:85,3
DA:86,3
DA:91,1
DA:94,2
DA:101,1
DA:102,2
DA:104,2
DA:105,1
DA:106,1
DA:109,2
DA:110,2
DA:112,1
DA:116,0
DA:124,1
DA:125,1
DA:127,1
DA:128,0
DA:129,0
DA:132,1
DA:133,1
DA:138,1
DA:141,0
DA:147,1
LF:57
LH:44
BRDA:13,1,0,0
BRDA:13,1,1,0
BRDA:38,2,0,0
BRDA:38,2,1,0
BRDA:59,3,0,0
BRDA:59,3,1,0
BRDA:81,4,0,0
BRDA:81,4,1,0
BRDA:105,5,0,0
BRDA:105,5,1,1
BRDA:128,6,0,0
BRDA:128,6,1,0
BRF:12
BRH:1
end_of_record
TN:
SF:/Users/alex030293/GitRepo/mean-boilerplate/model/DAO/userDAO.js
FN:17,readUsers
FN:18,(anonymous_2)
FN:30,readUserById
FN:31,(anonymous_4)
FN:43,createUser
FN:49,(anonymous_6)
FN:61,updateUser
FN:62,(anonymous_8)
FN:66,(anonymous_9)
FN:84,deleteUser
FN:85,(anonymous_11)
FN:86,(anonymous_12)
FN:99,loginUser
FN:100,(anonymous_14)
FNF:14
FNH:14
FNDA:1,readUsers
FNDA:1,(anonymous_2)
FNDA:4,readUserById
FNDA:4,(anonymous_4)
FNDA:6,createUser
FNDA:6,(anonymous_6)
FNDA:5,updateUser
FNDA:5,(anonymous_8)
FNDA:3,(anonymous_9)
FNDA:5,deleteUser
FNDA:5,(anonymous_11)
FNDA:4,(anonymous_12)
FNDA:2,loginUser
FNDA:2,(anonymous_14)
DA:1,1
DA:4,1
DA:6,1
DA:7,1
DA:14,1
DA:17,1
DA:18,1
DA:19,1
DA:20,1
DA:21,1
DA:23,0
DA:24,0
DA:30,1
DA:31,4
DA:32,4
DA:33,2
DA:34,2
DA:36,2
DA:37,2
DA:43,1
DA:44,6
DA:49,6
DA:50,6
DA:51,4
DA:52,4
DA:54,2
DA:55,2
DA:61,1
DA:62,5
DA:63,5
DA:64,3
DA:65,3
DA:66,3
DA:67,3
DA:68,2
DA:69,2
DA:71,1
DA:72,1
DA:76,2
DA:77,2
DA:84,1
DA:85,5
DA:86,5
DA:87,4
DA:88,4
DA:89,4
DA:91,0
DA:92,0
DA:99,1
DA:100,2
DA:101,2
DA:102,2
DA:103,2
DA:105,2
DA:108,0
DA:112,0
DA:115,0
DA:119,1
DA:120,1
DA:121,1
DA:122,1
DA:123,1
DA:124,1
LF:63
LH:56
BRDA:19,1,0,1
BRDA:19,1,1,0
BRDA:20,2,0,0
BRDA:20,2,1,1
BRDA:23,3,0,0
BRDA:23,3,1,0
BRDA:32,4,0,2
BRDA:32,4,1,2
BRDA:33,5,0,0
BRDA:33,5,1,2
BRDA:36,6,0,0
BRDA:36,6,1,2
BRDA:50,7,0,4
BRDA:50,7,1,2
BRDA:51,8,0,0
BRDA:51,8,1,4
BRDA:54,9,0,0
BRDA:54,9,1,2
BRDA:63,10,0,3
BRDA:63,10,1,2
BRDA:67,11,0,2
BRDA:67,11,1,1
BRDA:68,12,0,0
BRDA:68,12,1,2
BRDA:71,13,0,0
BRDA:71,13,1,1
BRDA:76,14,0,0
BRDA:76,14,1,2
BRDA:87,15,0,4
BRDA:87,15,1,0
BRDA:88,16,0,0
BRDA:88,16,1,4
BRDA:91,17,0,0
BRDA:91,17,1,0
BRDA:101,18,0,2
BRDA:101,18,1,0
BRDA:102,19,0,2
BRDA:102,19,1,0
BRDA:103,20,0,2
BRDA:103,20,1,0
BRF:40
BRH:22
end_of_record
TN:
SF:/Users/alex030293/GitRepo/mean-boilerplate/routes/api/0.1/fruitAPI.js
FN:7,(anonymous_1)
FN:10,(anonymous_2)
FN:15,(anonymous_3)
FN:21,(anonymous_4)
FN:24,(anonymous_5)
FN:32,(anonymous_6)
FN:34,(anonymous_7)
FN:39,(anonymous_8)
FN:41,(anonymous_9)
FN:44,(anonymous_10)
FN:52,(anonymous_11)
FN:54,(anonymous_12)
FN:60,(anonymous_13)
FN:62,(anonymous_14)
FN:65,(anonymous_15)
FN:73,(anonymous_16)
FN:75,(anonymous_17)
FN:80,(anonymous_18)
FN:86,(anonymous_19)
FN:89,(anonymous_20)
FN:97,(anonymous_21)
FN:99,(anonymous_22)
FN:104,(anonymous_23)
FN:106,(anonymous_24)
FN:109,(anonymous_25)
FNF:25
FNH:19
FNDA:2,(anonymous_1)
FNDA:0,(anonymous_2)
FNDA:2,(anonymous_3)
FNDA:1,(anonymous_4)
FNDA:1,(anonymous_5)
FNDA:1,(anonymous_6)
FNDA:0,(anonymous_7)
FNDA:1,(anonymous_8)
FNDA:1,(anonymous_9)
FNDA:0,(anonymous_10)
FNDA:2,(anonymous_11)
FNDA:0,(anonymous_12)
FNDA:2,(anonymous_13)
FNDA:1,(anonymous_14)
FNDA:1,(anonymous_15)
FNDA:3,(anonymous_16)
FNDA:0,(anonymous_17)
FNDA:3,(anonymous_18)
FNDA:1,(anonymous_19)
FNDA:2,(anonymous_20)
FNDA:2,(anonymous_21)
FNDA:0,(anonymous_22)
FNDA:2,(anonymous_23)
FNDA:1,(anonymous_24)
FNDA:1,(anonymous_25)
DA:1,1
DA:7,1
DA:8,2
DA:10,2
DA:11,0
DA:12,0
DA:15,2
DA:16,2
DA:22,1
DA:25,1
DA:32,1
DA:33,1
DA:34,1
DA:35,0
DA:36,0
DA:39,1
DA:40,1
DA:42,1
DA:45,0
DA:52,1
DA:53,2
DA:54,2
DA:55,0
DA:56,0
DA:60,2
DA:61,2
DA:63,1
DA:66,1
DA:73,1
DA:74,3
DA:75,3
DA:76,0
DA:77,0
DA:80,3
DA:81,3
DA:87,1
DA:90,2
DA:97,1
DA:98,2
DA:99,2
DA:100,0
DA:101,0
DA:104,2
DA:105,2
DA:107,1
DA:110,1
DA:116,1
LF:47
LH:36
BRF:0
BRH:0
end_of_record
